404 2025-06-24T23:00:13.353Z POST /api/forms/api/portfolio-reqs  http://localhost:5001/api/docs/ text/html; charset=utf-8
201 2025-06-24T23:01:41.072Z POST /api/forms/portfolio  http://localhost:5001/api/docs/ application/json; charset=utf-8
201 2025-06-24T23:01:46.181Z POST /api/forms/portfolio  http://localhost:5001/api/docs/ application/json; charset=utf-8
201 2025-06-24T23:12:35.024Z POST /api/forms/portfolio  http://localhost:5001/api/docs/ application/json; charset=utf-8
201 2025-06-24T23:13:12.674Z POST /api/forms/portfolio  http://localhost:5001/api/docs/ application/json; charset=utf-8
404 2025-06-24T23:16:01.873Z POST /support  http://localhost:3000/support text/html; charset=utf-8
201 2025-06-24T23:17:27.481Z POST /api/forms/portfolio  http://localhost:3000/portfolio application/json; charset=utf-8
404 2025-06-24T23:24:17.291Z POST /courses  http://localhost:3000/courses text/html; charset=utf-8
404 2025-06-24T23:25:23.596Z POST /courses  http://localhost:3000/courses text/html; charset=utf-8
404 2025-06-24T23:28:03.916Z POST /courses  http://localhost:3000/courses text/html; charset=utf-8
404 2025-06-24T23:29:20.750Z POST /courses  http://localhost:3000/courses text/html; charset=utf-8
201 2025-06-24T23:29:57.823Z POST /api/forms/portfolio  http://localhost:3000/portfolio application/json; charset=utf-8
201 2025-06-24T23:30:35.146Z POST /api/forms/courses  http://localhost:3000/courses application/json; charset=utf-8
415 2025-06-24T23:38:57.418Z POST /api/forms/discussion  http://localhost:5001/api/docs/ application/json; charset=utf-8
201 2025-06-24T23:40:15.871Z POST /api/forms/discussion  http://localhost:5001/api/docs/ application/json; charset=utf-8
201 2025-06-24T23:46:32.326Z POST /api/forms/support  http://localhost:3000/support application/json; charset=utf-8
404 2025-06-30T01:47:15.209Z GET /api/forms/request?dateFrom=2024-03-01&dateTo=2024-03-31&typeService=%D0%A0%D0%B5%D0%B2%E2%80%99%D1%8E&email=emailemail&media=%D0%A1%D0%BA%D1%83%D0%BB%D1%8C%D0%BF%D1%82%D1%83%D1%80%D0%B0,Digital-art&name=%D0%92%D1%96%D0%BA%D1%82%D0%BE%D1%80&sort=desc%0A  - text/html; charset=utf-8
404 2025-06-30T01:47:45.474Z GET /api/forms/request?dateFrom=2024-03-01&dateTo=2024-03-31&typeService=%D0%A0%D0%B5%D0%B2%E2%80%99%D1%8E&email=emailemail&media=%D0%A1%D0%BA%D1%83%D0%BB%D1%8C%D0%BF%D1%82%D1%83%D1%80%D0%B0,Digital-art&name=%D0%92%D1%96%D0%BA%D1%82%D0%BE%D1%80&sort=desc%0A  - text/html; charset=utf-8
404 2025-06-30T01:48:35.000Z POST /api/forms/request?dateFrom=2024-03-01&dateTo=2024-03-31&typeService=%D0%A0%D0%B5%D0%B2%E2%80%99%D1%8E&email=emailemail&media=%D0%A1%D0%BA%D1%83%D0%BB%D1%8C%D0%BF%D1%82%D1%83%D1%80%D0%B0,Digital-art&name=%D0%92%D1%96%D0%BA%D1%82%D0%BE%D1%80&sort=desc%0A  - text/html; charset=utf-8
500 2025-06-30T01:49:00.631Z POST /api/forms/portfolio?dateFrom=2024-03-01&dateTo=2024-03-31&typeService=%D0%A0%D0%B5%D0%B2%E2%80%99%D1%8E&email=emailemail&media=%D0%A1%D0%BA%D1%83%D0%BB%D1%8C%D0%BF%D1%82%D1%83%D1%80%D0%B0,Digital-art&name=%D0%92%D1%96%D0%BA%D1%82%D0%BE%D1%80&sort=desc%0A  - application/json; charset=utf-8
404 2025-06-30T01:49:17.238Z POST /api/forms/request?dateFrom=2024-03-01&dateTo=2024-03-31&typeService=%D0%A0%D0%B5%D0%B2%E2%80%99%D1%8E&email=emailemail&media=%D0%A1%D0%BA%D1%83%D0%BB%D1%8C%D0%BF%D1%82%D1%83%D1%80%D0%B0,Digital-art&name=%D0%92%D1%96%D0%BA%D1%82%D0%BE%D1%80&sort=desc%0A  - text/html; charset=utf-8
404 2025-06-30T01:49:31.898Z POST /api/forms/request?dateFrom=2024-03-01&dateTo=2024-03-31&typeService=%D0%A0%D0%B5%D0%B2%E2%80%99%D1%8E&email=emailemail&media=%D0%A1%D0%BA%D1%83%D0%BB%D1%8C%D0%BF%D1%82%D1%83%D1%80%D0%B0,Digital-art&name=%D0%92%D1%96%D0%BA%D1%82%D0%BE%D1%80&sort=desc%0A  - text/html; charset=utf-8
200 2025-06-30T01:50:25.152Z GET /api/forms/request?dateFrom=2024-03-01&dateTo=2024-03-31&typeService=%D0%A0%D0%B5%D0%B2%E2%80%99%D1%8E&email=emailemail&media=%D0%A1%D0%BA%D1%83%D0%BB%D1%8C%D0%BF%D1%82%D1%83%D1%80%D0%B0,Digital-art&name=%D0%92%D1%96%D0%BA%D1%82%D0%BE%D1%80&sort=desc%0A  - application/json; charset=utf-8
200 2025-06-30T01:50:40.941Z GET /api/forms/request?sort=desc%0A  - application/json; charset=utf-8
