401 2025-06-26T20:15:12.078Z POST /api/auth/login  http://localhost:5001/api/docs/ application/json; charset=utf-8
404 2025-06-29T23:43:57.928Z GET /  - text/html; charset=utf-8
404 2025-06-29T23:46:22.570Z GET /  - text/html; charset=utf-8
404 2025-06-29T23:46:25.187Z GET /  - text/html; charset=utf-8
404 2025-06-29T23:48:40.651Z GET /  - text/html; charset=utf-8
404 2025-06-29T23:49:24.084Z GET /  - text/html; charset=utf-8
404 2025-06-29T23:49:27.284Z GET /  - text/html; charset=utf-8
404 2025-06-29T23:49:30.495Z GET /  - text/html; charset=utf-8
404 2025-06-29T23:49:44.979Z GET /  - text/html; charset=utf-8
404 2025-06-29T23:49:46.063Z GET /  - text/html; charset=utf-8
404 2025-06-29T23:51:16.775Z GET /  - text/html; charset=utf-8
404 2025-06-29T23:51:23.510Z GET /  - text/html; charset=utf-8
404 2025-06-29T23:51:25.656Z GET /  - text/html; charset=utf-8
404 2025-06-29T23:51:25.996Z GET /  - text/html; charset=utf-8
404 2025-06-29T23:51:26.220Z GET /  - text/html; charset=utf-8
404 2025-06-29T23:51:26.493Z GET /  - text/html; charset=utf-8
404 2025-06-29T23:51:28.968Z GET /  - text/html; charset=utf-8
404 2025-06-29T23:51:46.953Z GET /  - text/html; charset=utf-8
404 2025-06-29T23:52:05.137Z GET /  - text/html; charset=utf-8
404 2025-06-29T23:54:34.349Z GET /  - text/html; charset=utf-8
404 2025-06-29T23:54:35.455Z GET /  - text/html; charset=utf-8
404 2025-06-29T23:54:36.206Z GET /  - text/html; charset=utf-8
404 2025-06-29T23:54:36.398Z GET /  - text/html; charset=utf-8
404 2025-06-29T23:55:23.799Z GET /  - text/html; charset=utf-8
404 2025-06-29T23:56:16.022Z GET /  - text/html; charset=utf-8
404 2025-06-29T23:58:07.437Z GET /  - text/html; charset=utf-8
404 2025-06-29T23:59:35.137Z GET /  - text/html; charset=utf-8
404 2025-06-30T00:00:49.075Z GET /  - text/html; charset=utf-8
404 2025-06-30T00:02:13.399Z GET /  - text/html; charset=utf-8
404 2025-06-30T00:02:52.316Z GET /  - text/html; charset=utf-8
404 2025-06-30T00:11:22.838Z GET /  - text/html; charset=utf-8
200 2025-06-30T00:11:28.668Z GET /api/auth/  - application/json; charset=utf-8
404 2025-06-30T00:11:28.687Z GET /favicon.ico  http://localhost:5001/api/auth/ text/html; charset=utf-8
404 2025-06-30T00:11:32.989Z GET /  - text/html; charset=utf-8
404 2025-06-30T00:11:36.861Z GET /  - text/html; charset=utf-8
200 2025-06-30T00:12:27.452Z GET /api/auth/  - application/json; charset=utf-8
404 2025-06-30T00:13:42.943Z GET /.well-known/appspecific/com.chrome.devtools.json  - text/html; charset=utf-8
304 2025-06-30T00:14:20.993Z GET /api/auth/  - -
404 2025-06-30T00:14:21.009Z GET /.well-known/appspecific/com.chrome.devtools.json  - text/html; charset=utf-8
404 2025-06-30T00:14:23.188Z GET /  - text/html; charset=utf-8
200 2025-06-30T00:25:46.584Z GET /api/auth/  - application/json; charset=utf-8
304 2025-06-30T00:26:41.622Z GET /api/auth/  - -
200 2025-06-30T00:26:43.835Z GET /api/auth  - application/json; charset=utf-8
304 2025-06-30T00:26:46.850Z GET /api/auth  - -
304 2025-06-30T00:27:15.626Z GET /api/auth  - -
304 2025-06-30T00:27:25.025Z GET /api/auth  - -
304 2025-06-30T00:27:26.150Z GET /api/auth  - -
304 2025-06-30T00:27:26.523Z GET /api/auth  - -
404 2025-06-30T00:27:29.413Z GET /api/auth2  - text/html; charset=utf-8
200 2025-06-30T00:27:41.951Z GET /api/auth/  - application/json; charset=utf-8
200 2025-06-30T00:28:55.910Z GET /api/auth/  - application/json; charset=utf-8
404 2025-06-30T00:31:37.965Z GET /  - text/html; charset=utf-8
200 2025-06-30T00:32:08.748Z GET /api/auth/  - application/json; charset=utf-8
404 2025-06-30T00:33:36.006Z GET /  - text/html; charset=utf-8
404 2025-06-30T00:33:36.865Z GET /  - text/html; charset=utf-8
404 2025-06-30T00:35:02.681Z GET /api/auth/auth  - text/html; charset=utf-8
200 2025-06-30T00:35:18.417Z GET /api/auth/  - application/json; charset=utf-8
404 2025-06-30T00:35:33.164Z GET /api/auth/auth  - text/html; charset=utf-8
200 2025-06-30T00:35:44.437Z GET /api/auth/  - application/json; charset=utf-8
404 2025-06-30T00:35:49.707Z GET /api/auth/rr  - text/html; charset=utf-8
404 2025-06-30T00:36:22.011Z GET /rr  - text/html; charset=utf-8
404 2025-06-30T00:36:28.415Z GET /  - text/html; charset=utf-8
200 2025-06-30T00:37:26.794Z GET /api/auth/  - application/json; charset=utf-8
404 2025-06-30T00:38:03.493Z GET /api/auth/api/auth/  - text/html; charset=utf-8
200 2025-06-30T00:38:13.947Z GET /api/auth/  - application/json; charset=utf-8
404 2025-06-30T00:44:55.834Z GET /  - text/html; charset=utf-8
200 2025-06-30T00:45:28.978Z GET /api/auth/  - application/json; charset=utf-8
304 2025-06-30T00:55:14.022Z GET /api/auth/  - -
304 2025-06-30T00:55:15.268Z GET /api/auth/  - -
200 2025-06-30T00:56:38.468Z POST /api/liqpay/create  http://localhost:3000/payment application/json; charset=utf-8
200 2025-06-30T00:57:38.676Z POST /api/liqpay/create  http://localhost:3000/payment application/json; charset=utf-8
200 2025-06-30T00:57:54.934Z POST /api/liqpay/create  http://localhost:3000/payment application/json; charset=utf-8
200 2025-06-30T00:59:31.236Z POST /api/liqpay/create  http://localhost:3000/payment application/json; charset=utf-8
200 2025-06-30T01:00:44.681Z POST /api/liqpay/create  http://localhost:3000/payment application/json; charset=utf-8
200 2025-06-30T01:00:49.661Z POST /api/liqpay/create  http://localhost:3000/payment application/json; charset=utf-8
200 2025-06-30T01:00:50.648Z POST /api/liqpay/create  http://localhost:3000/payment application/json; charset=utf-8
200 2025-06-30T01:00:54.265Z POST /api/liqpay/create  http://localhost:3000/payment application/json; charset=utf-8
200 2025-06-30T01:02:18.637Z POST /api/liqpay/create  http://localhost:3000/payment application/json; charset=utf-8
200 2025-06-30T01:02:31.073Z POST /api/liqpay/create  http://localhost:3000/payment application/json; charset=utf-8
200 2025-06-30T01:02:38.156Z POST /api/liqpay/create  http://localhost:3000/payment application/json; charset=utf-8
200 2025-06-30T01:02:51.751Z POST /api/liqpay/create  http://localhost:3000/payment application/json; charset=utf-8
200 2025-06-30T01:03:58.658Z POST /api/liqpay/create  http://localhost:3000/payment application/json; charset=utf-8
200 2025-06-30T01:04:39.180Z POST /api/liqpay/create  http://localhost:3000/payment application/json; charset=utf-8
200 2025-06-30T01:05:04.648Z POST /api/liqpay/create  http://localhost:3000/payment application/json; charset=utf-8
200 2025-06-30T01:05:41.455Z POST /api/liqpay/create  http://localhost:3000/payment application/json; charset=utf-8
200 2025-06-30T01:05:57.701Z POST /api/liqpay/create  http://localhost:3000/payment application/json; charset=utf-8
200 2025-06-30T01:09:13.683Z POST /api/liqpay/create  http://localhost:3000/payment application/json; charset=utf-8
200 2025-06-30T01:09:20.904Z POST /api/liqpay/create  http://localhost:3000/payment application/json; charset=utf-8
200 2025-06-30T01:11:22.315Z POST /api/liqpay/create  http://localhost:3000/payment application/json; charset=utf-8
200 2025-06-30T01:11:27.887Z POST /api/liqpay/create  http://localhost:3000/payment application/json; charset=utf-8
200 2025-06-30T01:11:37.504Z POST /api/liqpay/create  http://localhost:3000/payment application/json; charset=utf-8
200 2025-06-30T01:11:42.883Z POST /api/liqpay/create  http://localhost:3000/payment application/json; charset=utf-8
200 2025-06-30T01:12:15.086Z POST /api/liqpay/create  http://localhost:3000/payment application/json; charset=utf-8
400 2025-06-30T01:13:00.020Z POST /api/liqpay/create  http://localhost:3000/payment application/json; charset=utf-8
400 2025-06-30T01:13:02.989Z POST /api/liqpay/create  http://localhost:3000/payment application/json; charset=utf-8
400 2025-06-30T01:13:06.883Z POST /api/liqpay/create  http://localhost:3000/payment application/json; charset=utf-8
400 2025-06-30T01:13:12.043Z POST /api/liqpay/create  http://localhost:3000/payment application/json; charset=utf-8
400 2025-06-30T01:13:27.417Z POST /api/liqpay/create  http://localhost:3000/payment application/json; charset=utf-8
400 2025-06-30T01:13:41.006Z POST /api/liqpay/create  http://localhost:3000/payment application/json; charset=utf-8
400 2025-06-30T01:13:46.096Z POST /api/liqpay/create  http://localhost:3000/payment application/json; charset=utf-8
200 2025-06-30T01:14:14.011Z POST /api/liqpay/create  http://localhost:3000/payment application/json; charset=utf-8
200 2025-06-30T01:14:42.302Z POST /api/liqpay/create  http://localhost:3000/payment application/json; charset=utf-8
404 2025-06-30T01:26:37.759Z OPTIONS /api/forms/subscription  http://localhost:5002/ text/html; charset=utf-8
404 2025-06-30T01:27:27.025Z OPTIONS /api/forms/subscription  http://localhost:5002/ text/html; charset=utf-8
404 2025-06-30T01:27:42.471Z OPTIONS /api/forms/courses  http://localhost:5002/ text/html; charset=utf-8
404 2025-06-30T01:28:36.867Z POST /api/auth/subscription  http://localhost:5002/api/docs/ text/html; charset=utf-8
201 2025-06-30T01:30:58.931Z POST /api/forms/subscription  http://localhost:5002/api/docs/ application/json; charset=utf-8
201 2025-06-30T01:33:36.039Z POST /api/forms/subscription  http://localhost:3000/ application/json; charset=utf-8
404 2025-06-30T01:46:25.647Z GET /api/forms/request?dateFrom=2024-03-01&dateTo=2024-03-31&typeService=%D0%A0%D0%B5%D0%B2%E2%80%99%D1%8E&email=emailemail&media=%D0%A1%D0%BA%D1%83%D0%BB%D1%8C%D0%BF%D1%82%D1%83%D1%80%D0%B0,Digital-art&name=%D0%92%D1%96%D0%BA%D1%82%D0%BE%D1%80&sort=desc%0A  - text/html; charset=utf-8
200 2025-06-30T01:53:49.960Z GET /api/forms/request?sort=desc  http://localhost:3000/admin/users application/json; charset=utf-8
304 2025-06-30T01:53:50.120Z GET /api/forms/request?sort=desc  http://localhost:3000/admin/users -
304 2025-06-30T01:54:22.049Z GET /api/forms/request?sort=desc  http://localhost:3000/admin/users -
304 2025-06-30T01:54:22.061Z GET /api/forms/request?sort=desc  http://localhost:3000/admin/users -
304 2025-06-30T01:55:10.563Z GET /api/forms/request?sort=desc  http://localhost:3000/admin/users -
304 2025-06-30T01:55:10.577Z GET /api/forms/request?sort=desc  http://localhost:3000/admin/users -
304 2025-06-30T01:57:25.299Z GET /api/forms/request?sort=desc  http://localhost:3000/admin/users -
304 2025-06-30T01:57:25.308Z GET /api/forms/request?sort=desc  http://localhost:3000/admin/users -
304 2025-06-30T01:58:45.650Z GET /api/forms/request?sort=desc  http://localhost:3000/admin/users -
304 2025-06-30T01:58:45.661Z GET /api/forms/request?sort=desc  http://localhost:3000/admin/users -
304 2025-06-30T02:00:30.801Z GET /api/forms/request?sort=desc  http://localhost:3000/admin/users -
304 2025-06-30T02:00:30.812Z GET /api/forms/request?sort=desc  http://localhost:3000/admin/users -
304 2025-06-30T02:00:58.873Z GET /api/forms/request?sort=desc  http://localhost:3000/admin/users -
304 2025-06-30T02:00:58.882Z GET /api/forms/request?sort=desc  http://localhost:3000/admin/users -
304 2025-06-30T02:01:19.678Z GET /api/forms/request?sort=desc  http://localhost:3000/admin/users -
304 2025-06-30T02:01:19.689Z GET /api/forms/request?sort=desc  http://localhost:3000/admin/users -
304 2025-06-30T02:02:21.303Z GET /api/forms/request?sort=desc  http://localhost:3000/admin/users -
304 2025-06-30T02:02:21.313Z GET /api/forms/request?sort=desc  http://localhost:3000/admin/users -
404 2025-06-30T02:02:28.245Z GET /api/forms/request?sort=desc%0A  - text/html; charset=utf-8
404 2025-06-30T02:02:34.244Z GET /api/forms/request?sort=desc%0A  - text/html; charset=utf-8
200 2025-06-30T02:02:49.123Z GET /api/forms/request?sort=desc%0A  - application/json; charset=utf-8
500 2025-06-30T02:05:26.408Z POST /api/forms/support  http://localhost:5002/api/docs/ application/json; charset=utf-8
201 2025-06-30T02:06:03.902Z POST /api/forms/courses  http://localhost:5002/api/docs/ application/json; charset=utf-8
200 2025-06-30T02:06:08.495Z GET /api/forms/request?sort=desc  http://localhost:3000/admin/users application/json; charset=utf-8
304 2025-06-30T02:06:08.505Z GET /api/forms/request?sort=desc  http://localhost:3000/admin/users -
201 2025-06-30T02:06:37.563Z POST /api/forms/courses  http://localhost:5002/api/docs/ application/json; charset=utf-8
200 2025-06-30T02:06:42.162Z GET /api/forms/request?sort=desc  http://localhost:3000/admin/users application/json; charset=utf-8
304 2025-06-30T02:06:42.172Z GET /api/forms/request?sort=desc  http://localhost:3000/admin/users -
304 2025-06-30T02:07:22.598Z GET /api/forms/request?sort=desc  http://localhost:3000/admin/users -
304 2025-06-30T02:07:22.609Z GET /api/forms/request?sort=desc  http://localhost:3000/admin/users -
201 2025-06-30T02:14:54.410Z POST /api/forms/support  http://localhost:3000/support application/json; charset=utf-8
